d:\my projects\rendering_demo\rendering_demo\debug\vc120.pdb
d:\my projects\rendering_demo\rendering_demo\debug\vc120.idb
d:\my projects\rendering_demo\rendering_demo\debug\rendertexture.obj
d:\my projects\rendering_demo\rendering_demo\debug\timer.obj
d:\my projects\rendering_demo\rendering_demo\debug\cameracomponent.obj
d:\my projects\rendering_demo\rendering_demo\debug\component.obj
d:\my projects\rendering_demo\rendering_demo\debug\controllercomponent.obj
d:\my projects\rendering_demo\rendering_demo\debug\lightcomponent.obj
d:\my projects\rendering_demo\rendering_demo\debug\renderingcomponent.obj
d:\my projects\rendering_demo\rendering_demo\debug\d3d11renderer.obj
d:\my projects\rendering_demo\rendering_demo\debug\debug.obj
d:\my projects\rendering_demo\rendering_demo\debug\cameramanager.obj
d:\my projects\rendering_demo\rendering_demo\debug\effect.obj
d:\my projects\rendering_demo\rendering_demo\debug\effectmanager.obj
d:\my projects\rendering_demo\rendering_demo\debug\game.obj
d:\my projects\rendering_demo\rendering_demo\debug\inputmanager.obj
d:\my projects\rendering_demo\rendering_demo\debug\layout.obj
d:\my projects\rendering_demo\rendering_demo\debug\lightmanager.obj
d:\my projects\rendering_demo\rendering_demo\debug\entry.obj
d:\my projects\rendering_demo\rendering_demo\debug\gameobject.obj
d:\my projects\rendering_demo\rendering_demo\debug\fbxreader.obj
d:\my projects\rendering_demo\rendering_demo\debug\resourcemanager.obj
d:\my projects\rendering_demo\rendering_demo\shaders\defaulttex_ps.cso
d:\my projects\rendering_demo\rendering_demo\shaders\defaulttex_vs.cso
d:\my projects\rendering_demo\rendering_demo\shaders\default_ps.cso
d:\my projects\rendering_demo\rendering_demo\shaders\default_vs.cso
d:\my projects\rendering_demo\debug\rendering_demo.ilk
d:\my projects\rendering_demo\debug\rendering_demo.exe
d:\my projects\rendering_demo\debug\rendering_demo.pdb
d:\my projects\rendering_demo\rendering_demo\debug\renderingdemo.res
d:\my projects\rendering_demo\rendering_demo\debug\rendering_demo.tlog\cl.command.1.tlog
d:\my projects\rendering_demo\rendering_demo\debug\rendering_demo.tlog\cl.read.1.tlog
d:\my projects\rendering_demo\rendering_demo\debug\rendering_demo.tlog\cl.write.1.tlog
d:\my projects\rendering_demo\rendering_demo\debug\rendering_demo.tlog\fxc.command.1.tlog
d:\my projects\rendering_demo\rendering_demo\debug\rendering_demo.tlog\fxc.read.1.tlog
d:\my projects\rendering_demo\rendering_demo\debug\rendering_demo.tlog\fxc.write.1.tlog
d:\my projects\rendering_demo\rendering_demo\debug\rendering_demo.tlog\link.command.1.tlog
d:\my projects\rendering_demo\rendering_demo\debug\rendering_demo.tlog\link.read.1.tlog
d:\my projects\rendering_demo\rendering_demo\debug\rendering_demo.tlog\link.write.1.tlog
d:\my projects\rendering_demo\rendering_demo\debug\rendering_demo.tlog\rc.command.1.tlog
d:\my projects\rendering_demo\rendering_demo\debug\rendering_demo.tlog\rc.read.1.tlog
d:\my projects\rendering_demo\rendering_demo\debug\rendering_demo.tlog\rc.write.1.tlog
d:\my projects\rendering_demo\rendering_demo\debug\rendering_demo.tlog\rendering_demo.write.1u.tlog
