Build started 2015/11/7 11:09:45.
     1>Project "D:\My Projects\Rendering_Demo\Rendering_Demo\Rendering_Demo.vcxproj" on node 2 (Build target(s)).
     1>ClCompile:
         C:\Program Files (x86)\Microsoft Visual Studio 12.0\VC\bin\CL.exe /c /I"C:\Program Files\Autodesk\FBX\FBX SDK\2016.1\include" /I"D:\My Projects\Rendering_Demo\Rendering_Demo\\" /ZI /nologo /W4 /WX- /sdl /Od /Oy- /D DEBUG /D _UNICODE /D UNICODE /D _UNICODE /D UNICODE /Gm /EHsc /RTC1 /MDd /GS /fp:precise /Zc:wchar_t /Zc:forScope /Fo"Debug\\" /Fd"Debug\vc120.pdb" /Gd /TP /analyze- /errorReport:prompt Engine\Game.cpp
         Game.cpp
     1>d:\my projects\rendering_demo\rendering_demo\engine\game.cpp(13): warning C4800: 'HRESULT' : forcing value to bool 'true' or 'false' (performance warning)
     1>d:\my projects\rendering_demo\rendering_demo\engine\game.cpp(37): warning C4305: 'argument' : truncation from 'double' to 'float'
     1>d:\my projects\rendering_demo\rendering_demo\engine\game.cpp(54): warning C4189: 'spotLight' : local variable is initialized but not referenced
     1>d:\my projects\rendering_demo\rendering_demo\engine\game.cpp(47): warning C4189: 'light' : local variable is initialized but not referenced
       Link:
         C:\Program Files (x86)\Microsoft Visual Studio 12.0\VC\bin\link.exe /ERRORREPORT:PROMPT /OUT:"D:\My Projects\Rendering_Demo\Debug\Rendering_Demo.exe" /INCREMENTAL /NOLOGO /LIBPATH:"C:\Program Files\Autodesk\FBX\FBX SDK\2016.1\lib" /LIBPATH:"C:\Program Files\Autodesk\FBX\FBX SDK\2016.1\lib\vs2013\x86\release" d3d11.lib D3DCompiler.lib shlwapi.lib dxgi.lib dxguid.lib kernel32.lib user32.lib gdi32.lib winspool.lib comdlg32.lib advapi32.lib shell32.lib ole32.lib oleaut32.lib uuid.lib odbc32.lib odbccp32.lib libfbxsdk.lib "libfbxsdk-md.lib" kernel32.lib user32.lib gdi32.lib winspool.lib comdlg32.lib advapi32.lib shell32.lib ole32.lib oleaut32.lib uuid.lib odbc32.lib odbccp32.lib /MANIFEST /MANIFESTUAC:"level='asInvoker' uiAccess='false'" /manifest:embed /DEBUG /PDB:"D:\My Projects\Rendering_Demo\Debug\Rendering_Demo.pdb" /SUBSYSTEM:WINDOWS /LARGEADDRESSAWARE /TLBID:1 /DYNAMICBASE /NXCOMPAT /IMPLIB:"D:\My Projects\Rendering_Demo\Debug\Rendering_Demo.lib" /MACHINE:X86 Debug\RenderingDemo.res
         Debug\RenderTexture.obj
         Debug\Timer.obj
         Debug\CameraComponent.obj
         Debug\Component.obj
         Debug\ControllerComponent.obj
         Debug\LightComponent.obj
         Debug\RenderingComponent.obj
         Debug\D3D11Renderer.obj
         Debug\Debug.obj
         Debug\CameraManager.obj
         Debug\Effect.obj
         Debug\EffectManager.obj
         Debug\Game.obj
         Debug\InputManager.obj
         Debug\Layout.obj
         Debug\LightManager.obj
         Debug\Entry.obj
         Debug\GameObject.obj
         Debug\FBXReader.obj
         Debug\ResourceManager.obj
         Rendering_Demo.vcxproj -> D:\My Projects\Rendering_Demo\Debug\Rendering_Demo.exe
     1>Done Building Project "D:\My Projects\Rendering_Demo\Rendering_Demo\Rendering_Demo.vcxproj" (Build target(s)).

Build succeeded.

Time Elapsed 00:00:08.57
